<?xml version="1.0" encoding="UTF-8"?>
<robot generator="Robot 7.3.2 (Python 3.12.12 on linux)" generated="2025-12-08T11:48:11.454758" rpa="false" schemaversion="5">
<suite id="s1" name="Login" source="/workspaces/tn5250-rta/tests/login.robot">
<test id="s1-t1" name="Login To Secure AS400" line="11">
<kw name="Start Tn5250 Session" owner="TN5250Library">
<msg time="2025-12-08T11:48:11.473119" level="INFO">Starting session: tn5250 172.16.8.43</msg>
<arg>${HOST}</arg>
<arg>ssl=${False}</arg>
<doc>Starts tn5250 in a background tmux session.
If ssl is True, connects using 'ssl:hostname'.</doc>
<status status="PASS" start="2025-12-08T11:48:11.470896" elapsed="4.263615"/>
</kw>
<kw name="Screen Should Contain" owner="TN5250Library">
<msg time="2025-12-08T11:48:15.738817" level="INFO">Found text: 'Sign On'</msg>
<arg>Sign On</arg>
<doc>Waits for text to appear. Fails if timeout is reached.</doc>
<status status="PASS" start="2025-12-08T11:48:15.735014" elapsed="0.003860"/>
</kw>
<kw name="Send Text" owner="TN5250Library">
<msg time="2025-12-08T11:48:15.739112" level="INFO">Typing: 'grobinson'</msg>
<arg>${USER}</arg>
<doc>Types text into the terminal.</doc>
<status status="PASS" start="2025-12-08T11:48:15.739012" elapsed="0.001840"/>
</kw>
<kw name="Send Special Key" owner="TN5250Library">
<msg time="2025-12-08T11:48:15.741034" level="INFO">Sending Key: Tab</msg>
<arg>Tab</arg>
<doc>Sends special keys: Enter, Tab, F3, Backspace.</doc>
<status status="PASS" start="2025-12-08T11:48:15.740969" elapsed="0.501778"/>
</kw>
<kw name="Send Text" owner="TN5250Library">
<msg time="2025-12-08T11:48:16.243225" level="INFO">Typing: 'R3t1re17!'</msg>
<arg>${PASS}</arg>
<doc>Types text into the terminal.</doc>
<status status="PASS" start="2025-12-08T11:48:16.243042" elapsed="0.003072"/>
</kw>
<kw name="Send Special Key" owner="TN5250Library">
<msg time="2025-12-08T11:48:16.246339" level="INFO">Sending Key: Enter</msg>
<arg>Enter</arg>
<doc>Sends special keys: Enter, Tab, F3, Backspace.</doc>
<status status="PASS" start="2025-12-08T11:48:16.246263" elapsed="0.501994"/>
</kw>
<kw name="Screen Should Contain" owner="TN5250Library">
<msg time="2025-12-08T11:48:16.750520" level="INFO">Found text: 'Sign-on Information'</msg>
<arg>Sign-on Information</arg>
<arg>timeout=10</arg>
<doc>Waits for text to appear. Fails if timeout is reached.</doc>
<status status="PASS" start="2025-12-08T11:48:16.748456" elapsed="0.002114"/>
</kw>
<kw name="Send Special Key" owner="TN5250Library">
<msg time="2025-12-08T11:48:16.750765" level="INFO">Sending Key: F3</msg>
<arg>F3</arg>
<doc>Sends special keys: Enter, Tab, F3, Backspace.</doc>
<status status="PASS" start="2025-12-08T11:48:16.750698" elapsed="0.501941"/>
</kw>
<doc>Connects to 172.16.8.41 via SSL and logs in.</doc>
<status status="PASS" start="2025-12-08T11:48:11.470355" elapsed="5.782552"/>
</test>
<kw name="Stop Tn5250 Session" owner="TN5250Library" type="TEARDOWN">
<doc>Kills the tmux session.</doc>
<status status="PASS" start="2025-12-08T11:48:17.253605" elapsed="0.004461"/>
</kw>
<status status="PASS" start="2025-12-08T11:48:11.455311" elapsed="5.802791"/>
</suite>
<statistics>
<total>
<stat pass="1" fail="0" skip="0">All Tests</stat>
</total>
<tag>
</tag>
<suite>
<stat name="Login" id="s1" pass="1" fail="0" skip="0">Login</stat>
</suite>
</statistics>
<errors>
</errors>
</robot>
